<?xml version="1.0" encoding="UTF-8"?>
<testsuite xmlns:xsi="http://www.w3.org/2001/XMLSchema-instance" xsi:noNamespaceSchemaLocation="https://maven.apache.org/surefire/maven-surefire-plugin/xsd/surefire-test-report-3.0.xsd" version="3.0" name="com.example.taskmanagement.TaskManagementIntegrationTest" time="5.954" tests="7" errors="0" skipped="0" failures="0">
  <properties>
    <property name="java.specification.version" value="21"/>
    <property name="sun.jnu.encoding" value="UTF-8"/>
    <property name="java.class.path" value="/workspace/target/test-classes:/workspace/target/classes:/home/ubuntu/.m2/repository/org/springframework/boot/spring-boot-starter-web/3.2.5/spring-boot-starter-web-3.2.5.jar:/home/ubuntu/.m2/repository/org/springframework/boot/spring-boot-starter/3.2.5/spring-boot-starter-3.2.5.jar:/home/ubuntu/.m2/repository/org/springframework/boot/spring-boot/3.2.5/spring-boot-3.2.5.jar:/home/ubuntu/.m2/repository/org/springframework/boot/spring-boot-autoconfigure/3.2.5/spring-boot-autoconfigure-3.2.5.jar:/home/ubuntu/.m2/repository/org/springframework/boot/spring-boot-starter-logging/3.2.5/spring-boot-starter-logging-3.2.5.jar:/home/ubuntu/.m2/repository/ch/qos/logback/logback-classic/1.4.14/logback-classic-1.4.14.jar:/home/ubuntu/.m2/repository/ch/qos/logback/logback-core/1.4.14/logback-core-1.4.14.jar:/home/ubuntu/.m2/repository/org/apache/logging/log4j/log4j-to-slf4j/2.21.1/log4j-to-slf4j-2.21.1.jar:/home/ubuntu/.m2/repository/org/apache/logging/log4j/log4j-api/2.21.1/log4j-api-2.21.1.jar:/home/ubuntu/.m2/repository/org/slf4j/jul-to-slf4j/2.0.13/jul-to-slf4j-2.0.13.jar:/home/ubuntu/.m2/repository/jakarta/annotation/jakarta.annotation-api/2.1.1/jakarta.annotation-api-2.1.1.jar:/home/ubuntu/.m2/repository/org/yaml/snakeyaml/2.2/snakeyaml-2.2.jar:/home/ubuntu/.m2/repository/org/springframework/boot/spring-boot-starter-json/3.2.5/spring-boot-starter-json-3.2.5.jar:/home/ubuntu/.m2/repository/com/fasterxml/jackson/core/jackson-databind/2.15.4/jackson-databind-2.15.4.jar:/home/ubuntu/.m2/repository/com/fasterxml/jackson/core/jackson-annotations/2.15.4/jackson-annotations-2.15.4.jar:/home/ubuntu/.m2/repository/com/fasterxml/jackson/core/jackson-core/2.15.4/jackson-core-2.15.4.jar:/home/ubuntu/.m2/repository/com/fasterxml/jackson/datatype/jackson-datatype-jdk8/2.15.4/jackson-datatype-jdk8-2.15.4.jar:/home/ubuntu/.m2/repository/com/fasterxml/jackson/datatype/jackson-datatype-jsr310/2.15.4/jackson-datatype-jsr310-2.15.4.jar:/home/ubuntu/.m2/repository/com/fasterxml/jackson/module/jackson-module-parameter-names/2.15.4/jackson-module-parameter-names-2.15.4.jar:/home/ubuntu/.m2/repository/org/springframework/boot/spring-boot-starter-tomcat/3.2.5/spring-boot-starter-tomcat-3.2.5.jar:/home/ubuntu/.m2/repository/org/apache/tomcat/embed/tomcat-embed-core/10.1.20/tomcat-embed-core-10.1.20.jar:/home/ubuntu/.m2/repository/org/apache/tomcat/embed/tomcat-embed-websocket/10.1.20/tomcat-embed-websocket-10.1.20.jar:/home/ubuntu/.m2/repository/org/springframework/spring-web/6.1.6/spring-web-6.1.6.jar:/home/ubuntu/.m2/repository/org/springframework/spring-beans/6.1.6/spring-beans-6.1.6.jar:/home/ubuntu/.m2/repository/io/micrometer/micrometer-observation/1.12.5/micrometer-observation-1.12.5.jar:/home/ubuntu/.m2/repository/io/micrometer/micrometer-commons/1.12.5/micrometer-commons-1.12.5.jar:/home/ubuntu/.m2/repository/org/springframework/spring-webmvc/6.1.6/spring-webmvc-6.1.6.jar:/home/ubuntu/.m2/repository/org/springframework/spring-aop/6.1.6/spring-aop-6.1.6.jar:/home/ubuntu/.m2/repository/org/springframework/spring-context/6.1.6/spring-context-6.1.6.jar:/home/ubuntu/.m2/repository/org/springframework/spring-expression/6.1.6/spring-expression-6.1.6.jar:/home/ubuntu/.m2/repository/org/springframework/boot/spring-boot-starter-data-jpa/3.2.5/spring-boot-starter-data-jpa-3.2.5.jar:/home/ubuntu/.m2/repository/org/springframework/boot/spring-boot-starter-aop/3.2.5/spring-boot-starter-aop-3.2.5.jar:/home/ubuntu/.m2/repository/org/aspectj/aspectjweaver/1.9.22/aspectjweaver-1.9.22.jar:/home/ubuntu/.m2/repository/org/springframework/boot/spring-boot-starter-jdbc/3.2.5/spring-boot-starter-jdbc-3.2.5.jar:/home/ubuntu/.m2/repository/com/zaxxer/HikariCP/5.0.1/HikariCP-5.0.1.jar:/home/ubuntu/.m2/repository/org/springframework/spring-jdbc/6.1.6/spring-jdbc-6.1.6.jar:/home/ubuntu/.m2/repository/org/hibernate/orm/hibernate-core/6.4.4.Final/hibernate-core-6.4.4.Final.jar:/home/ubuntu/.m2/repository/jakarta/persistence/jakarta.persistence-api/3.1.0/jakarta.persistence-api-3.1.0.jar:/home/ubuntu/.m2/repository/jakarta/transaction/jakarta.transaction-api/2.0.1/jakarta.transaction-api-2.0.1.jar:/home/ubuntu/.m2/repository/org/jboss/logging/jboss-logging/3.5.3.Final/jboss-logging-3.5.3.Final.jar:/home/ubuntu/.m2/repository/org/hibernate/common/hibernate-commons-annotations/6.0.6.Final/hibernate-commons-annotations-6.0.6.Final.jar:/home/ubuntu/.m2/repository/io/smallrye/jandex/3.1.2/jandex-3.1.2.jar:/home/ubuntu/.m2/repository/com/fasterxml/classmate/1.6.0/classmate-1.6.0.jar:/home/ubuntu/.m2/repository/net/bytebuddy/byte-buddy/1.14.13/byte-buddy-1.14.13.jar:/home/ubuntu/.m2/repository/org/glassfish/jaxb/jaxb-runtime/4.0.5/jaxb-runtime-4.0.5.jar:/home/ubuntu/.m2/repository/org/glassfish/jaxb/jaxb-core/4.0.5/jaxb-core-4.0.5.jar:/home/ubuntu/.m2/repository/org/eclipse/angus/angus-activation/2.0.2/angus-activation-2.0.2.jar:/home/ubuntu/.m2/repository/org/glassfish/jaxb/txw2/4.0.5/txw2-4.0.5.jar:/home/ubuntu/.m2/repository/com/sun/istack/istack-commons-runtime/4.1.2/istack-commons-runtime-4.1.2.jar:/home/ubuntu/.m2/repository/jakarta/inject/jakarta.inject-api/2.0.1/jakarta.inject-api-2.0.1.jar:/home/ubuntu/.m2/repository/org/antlr/antlr4-runtime/4.13.0/antlr4-runtime-4.13.0.jar:/home/ubuntu/.m2/repository/org/springframework/data/spring-data-jpa/3.2.5/spring-data-jpa-3.2.5.jar:/home/ubuntu/.m2/repository/org/springframework/data/spring-data-commons/3.2.5/spring-data-commons-3.2.5.jar:/home/ubuntu/.m2/repository/org/springframework/spring-orm/6.1.6/spring-orm-6.1.6.jar:/home/ubuntu/.m2/repository/org/springframework/spring-tx/6.1.6/spring-tx-6.1.6.jar:/home/ubuntu/.m2/repository/org/slf4j/slf4j-api/2.0.13/slf4j-api-2.0.13.jar:/home/ubuntu/.m2/repository/org/springframework/spring-aspects/6.1.6/spring-aspects-6.1.6.jar:/home/ubuntu/.m2/repository/org/springframework/boot/spring-boot-starter-validation/3.2.5/spring-boot-starter-validation-3.2.5.jar:/home/ubuntu/.m2/repository/org/apache/tomcat/embed/tomcat-embed-el/10.1.20/tomcat-embed-el-10.1.20.jar:/home/ubuntu/.m2/repository/org/hibernate/validator/hibernate-validator/8.0.1.Final/hibernate-validator-8.0.1.Final.jar:/home/ubuntu/.m2/repository/jakarta/validation/jakarta.validation-api/3.0.2/jakarta.validation-api-3.0.2.jar:/home/ubuntu/.m2/repository/com/h2database/h2/2.2.224/h2-2.2.224.jar:/home/ubuntu/.m2/repository/org/springframework/boot/spring-boot-starter-test/3.2.5/spring-boot-starter-test-3.2.5.jar:/home/ubuntu/.m2/repository/org/springframework/boot/spring-boot-test/3.2.5/spring-boot-test-3.2.5.jar:/home/ubuntu/.m2/repository/org/springframework/boot/spring-boot-test-autoconfigure/3.2.5/spring-boot-test-autoconfigure-3.2.5.jar:/home/ubuntu/.m2/repository/com/jayway/jsonpath/json-path/2.9.0/json-path-2.9.0.jar:/home/ubuntu/.m2/repository/jakarta/xml/bind/jakarta.xml.bind-api/4.0.2/jakarta.xml.bind-api-4.0.2.jar:/home/ubuntu/.m2/repository/jakarta/activation/jakarta.activation-api/2.1.3/jakarta.activation-api-2.1.3.jar:/home/ubuntu/.m2/repository/net/minidev/json-smart/2.5.1/json-smart-2.5.1.jar:/home/ubuntu/.m2/repository/net/minidev/accessors-smart/2.5.1/accessors-smart-2.5.1.jar:/home/ubuntu/.m2/repository/org/ow2/asm/asm/9.6/asm-9.6.jar:/home/ubuntu/.m2/repository/org/assertj/assertj-core/3.24.2/assertj-core-3.24.2.jar:/home/ubuntu/.m2/repository/org/awaitility/awaitility/4.2.1/awaitility-4.2.1.jar:/home/ubuntu/.m2/repository/org/hamcrest/hamcrest/2.2/hamcrest-2.2.jar:/home/ubuntu/.m2/repository/org/junit/jupiter/junit-jupiter/5.10.2/junit-jupiter-5.10.2.jar:/home/ubuntu/.m2/repository/org/junit/jupiter/junit-jupiter-api/5.10.2/junit-jupiter-api-5.10.2.jar:/home/ubuntu/.m2/repository/org/opentest4j/opentest4j/1.3.0/opentest4j-1.3.0.jar:/home/ubuntu/.m2/repository/org/junit/platform/junit-platform-commons/1.10.2/junit-platform-commons-1.10.2.jar:/home/ubuntu/.m2/repository/org/apiguardian/apiguardian-api/1.1.2/apiguardian-api-1.1.2.jar:/home/ubuntu/.m2/repository/org/junit/jupiter/junit-jupiter-params/5.10.2/junit-jupiter-params-5.10.2.jar:/home/ubuntu/.m2/repository/org/junit/jupiter/junit-jupiter-engine/5.10.2/junit-jupiter-engine-5.10.2.jar:/home/ubuntu/.m2/repository/org/junit/platform/junit-platform-engine/1.10.2/junit-platform-engine-1.10.2.jar:/home/ubuntu/.m2/repository/org/mockito/mockito-core/5.7.0/mockito-core-5.7.0.jar:/home/ubuntu/.m2/repository/net/bytebuddy/byte-buddy-agent/1.14.13/byte-buddy-agent-1.14.13.jar:/home/ubuntu/.m2/repository/org/objenesis/objenesis/3.3/objenesis-3.3.jar:/home/ubuntu/.m2/repository/org/mockito/mockito-junit-jupiter/5.7.0/mockito-junit-jupiter-5.7.0.jar:/home/ubuntu/.m2/repository/org/skyscreamer/jsonassert/1.5.1/jsonassert-1.5.1.jar:/home/ubuntu/.m2/repository/com/vaadin/external/google/android-json/0.0.20131108.vaadin1/android-json-0.0.20131108.vaadin1.jar:/home/ubuntu/.m2/repository/org/springframework/spring-core/6.1.6/spring-core-6.1.6.jar:/home/ubuntu/.m2/repository/org/springframework/spring-jcl/6.1.6/spring-jcl-6.1.6.jar:/home/ubuntu/.m2/repository/org/springframework/spring-test/6.1.6/spring-test-6.1.6.jar:/home/ubuntu/.m2/repository/org/xmlunit/xmlunit-core/2.9.1/xmlunit-core-2.9.1.jar:"/>
    <property name="java.vm.vendor" value="Ubuntu"/>
    <property name="sun.arch.data.model" value="64"/>
    <property name="catalina.useNaming" value="false"/>
    <property name="java.vendor.url" value="https://ubuntu.com/"/>
    <property name="user.timezone" value="UTC"/>
    <property name="org.jboss.logging.provider" value="slf4j"/>
    <property name="os.name" value="Linux"/>
    <property name="java.vm.specification.version" value="21"/>
    <property name="sun.java.launcher" value="SUN_STANDARD"/>
    <property name="user.country" value="US"/>
    <property name="sun.boot.library.path" value="/usr/lib/jvm/java-21-openjdk-amd64/lib"/>
    <property name="sun.java.command" value="/workspace/target/surefire/surefirebooter-20250806193519177_3.jar /workspace/target/surefire 2025-08-06T19-35-18_943-jvmRun1 surefire-20250806193519177_1tmp surefire_0-20250806193519177_2tmp"/>
    <property name="jdk.debug" value="release"/>
    <property name="surefire.test.class.path" value="/workspace/target/test-classes:/workspace/target/classes:/home/ubuntu/.m2/repository/org/springframework/boot/spring-boot-starter-web/3.2.5/spring-boot-starter-web-3.2.5.jar:/home/ubuntu/.m2/repository/org/springframework/boot/spring-boot-starter/3.2.5/spring-boot-starter-3.2.5.jar:/home/ubuntu/.m2/repository/org/springframework/boot/spring-boot/3.2.5/spring-boot-3.2.5.jar:/home/ubuntu/.m2/repository/org/springframework/boot/spring-boot-autoconfigure/3.2.5/spring-boot-autoconfigure-3.2.5.jar:/home/ubuntu/.m2/repository/org/springframework/boot/spring-boot-starter-logging/3.2.5/spring-boot-starter-logging-3.2.5.jar:/home/ubuntu/.m2/repository/ch/qos/logback/logback-classic/1.4.14/logback-classic-1.4.14.jar:/home/ubuntu/.m2/repository/ch/qos/logback/logback-core/1.4.14/logback-core-1.4.14.jar:/home/ubuntu/.m2/repository/org/apache/logging/log4j/log4j-to-slf4j/2.21.1/log4j-to-slf4j-2.21.1.jar:/home/ubuntu/.m2/repository/org/apache/logging/log4j/log4j-api/2.21.1/log4j-api-2.21.1.jar:/home/ubuntu/.m2/repository/org/slf4j/jul-to-slf4j/2.0.13/jul-to-slf4j-2.0.13.jar:/home/ubuntu/.m2/repository/jakarta/annotation/jakarta.annotation-api/2.1.1/jakarta.annotation-api-2.1.1.jar:/home/ubuntu/.m2/repository/org/yaml/snakeyaml/2.2/snakeyaml-2.2.jar:/home/ubuntu/.m2/repository/org/springframework/boot/spring-boot-starter-json/3.2.5/spring-boot-starter-json-3.2.5.jar:/home/ubuntu/.m2/repository/com/fasterxml/jackson/core/jackson-databind/2.15.4/jackson-databind-2.15.4.jar:/home/ubuntu/.m2/repository/com/fasterxml/jackson/core/jackson-annotations/2.15.4/jackson-annotations-2.15.4.jar:/home/ubuntu/.m2/repository/com/fasterxml/jackson/core/jackson-core/2.15.4/jackson-core-2.15.4.jar:/home/ubuntu/.m2/repository/com/fasterxml/jackson/datatype/jackson-datatype-jdk8/2.15.4/jackson-datatype-jdk8-2.15.4.jar:/home/ubuntu/.m2/repository/com/fasterxml/jackson/datatype/jackson-datatype-jsr310/2.15.4/jackson-datatype-jsr310-2.15.4.jar:/home/ubuntu/.m2/repository/com/fasterxml/jackson/module/jackson-module-parameter-names/2.15.4/jackson-module-parameter-names-2.15.4.jar:/home/ubuntu/.m2/repository/org/springframework/boot/spring-boot-starter-tomcat/3.2.5/spring-boot-starter-tomcat-3.2.5.jar:/home/ubuntu/.m2/repository/org/apache/tomcat/embed/tomcat-embed-core/10.1.20/tomcat-embed-core-10.1.20.jar:/home/ubuntu/.m2/repository/org/apache/tomcat/embed/tomcat-embed-websocket/10.1.20/tomcat-embed-websocket-10.1.20.jar:/home/ubuntu/.m2/repository/org/springframework/spring-web/6.1.6/spring-web-6.1.6.jar:/home/ubuntu/.m2/repository/org/springframework/spring-beans/6.1.6/spring-beans-6.1.6.jar:/home/ubuntu/.m2/repository/io/micrometer/micrometer-observation/1.12.5/micrometer-observation-1.12.5.jar:/home/ubuntu/.m2/repository/io/micrometer/micrometer-commons/1.12.5/micrometer-commons-1.12.5.jar:/home/ubuntu/.m2/repository/org/springframework/spring-webmvc/6.1.6/spring-webmvc-6.1.6.jar:/home/ubuntu/.m2/repository/org/springframework/spring-aop/6.1.6/spring-aop-6.1.6.jar:/home/ubuntu/.m2/repository/org/springframework/spring-context/6.1.6/spring-context-6.1.6.jar:/home/ubuntu/.m2/repository/org/springframework/spring-expression/6.1.6/spring-expression-6.1.6.jar:/home/ubuntu/.m2/repository/org/springframework/boot/spring-boot-starter-data-jpa/3.2.5/spring-boot-starter-data-jpa-3.2.5.jar:/home/ubuntu/.m2/repository/org/springframework/boot/spring-boot-starter-aop/3.2.5/spring-boot-starter-aop-3.2.5.jar:/home/ubuntu/.m2/repository/org/aspectj/aspectjweaver/1.9.22/aspectjweaver-1.9.22.jar:/home/ubuntu/.m2/repository/org/springframework/boot/spring-boot-starter-jdbc/3.2.5/spring-boot-starter-jdbc-3.2.5.jar:/home/ubuntu/.m2/repository/com/zaxxer/HikariCP/5.0.1/HikariCP-5.0.1.jar:/home/ubuntu/.m2/repository/org/springframework/spring-jdbc/6.1.6/spring-jdbc-6.1.6.jar:/home/ubuntu/.m2/repository/org/hibernate/orm/hibernate-core/6.4.4.Final/hibernate-core-6.4.4.Final.jar:/home/ubuntu/.m2/repository/jakarta/persistence/jakarta.persistence-api/3.1.0/jakarta.persistence-api-3.1.0.jar:/home/ubuntu/.m2/repository/jakarta/transaction/jakarta.transaction-api/2.0.1/jakarta.transaction-api-2.0.1.jar:/home/ubuntu/.m2/repository/org/jboss/logging/jboss-logging/3.5.3.Final/jboss-logging-3.5.3.Final.jar:/home/ubuntu/.m2/repository/org/hibernate/common/hibernate-commons-annotations/6.0.6.Final/hibernate-commons-annotations-6.0.6.Final.jar:/home/ubuntu/.m2/repository/io/smallrye/jandex/3.1.2/jandex-3.1.2.jar:/home/ubuntu/.m2/repository/com/fasterxml/classmate/1.6.0/classmate-1.6.0.jar:/home/ubuntu/.m2/repository/net/bytebuddy/byte-buddy/1.14.13/byte-buddy-1.14.13.jar:/home/ubuntu/.m2/repository/org/glassfish/jaxb/jaxb-runtime/4.0.5/jaxb-runtime-4.0.5.jar:/home/ubuntu/.m2/repository/org/glassfish/jaxb/jaxb-core/4.0.5/jaxb-core-4.0.5.jar:/home/ubuntu/.m2/repository/org/eclipse/angus/angus-activation/2.0.2/angus-activation-2.0.2.jar:/home/ubuntu/.m2/repository/org/glassfish/jaxb/txw2/4.0.5/txw2-4.0.5.jar:/home/ubuntu/.m2/repository/com/sun/istack/istack-commons-runtime/4.1.2/istack-commons-runtime-4.1.2.jar:/home/ubuntu/.m2/repository/jakarta/inject/jakarta.inject-api/2.0.1/jakarta.inject-api-2.0.1.jar:/home/ubuntu/.m2/repository/org/antlr/antlr4-runtime/4.13.0/antlr4-runtime-4.13.0.jar:/home/ubuntu/.m2/repository/org/springframework/data/spring-data-jpa/3.2.5/spring-data-jpa-3.2.5.jar:/home/ubuntu/.m2/repository/org/springframework/data/spring-data-commons/3.2.5/spring-data-commons-3.2.5.jar:/home/ubuntu/.m2/repository/org/springframework/spring-orm/6.1.6/spring-orm-6.1.6.jar:/home/ubuntu/.m2/repository/org/springframework/spring-tx/6.1.6/spring-tx-6.1.6.jar:/home/ubuntu/.m2/repository/org/slf4j/slf4j-api/2.0.13/slf4j-api-2.0.13.jar:/home/ubuntu/.m2/repository/org/springframework/spring-aspects/6.1.6/spring-aspects-6.1.6.jar:/home/ubuntu/.m2/repository/org/springframework/boot/spring-boot-starter-validation/3.2.5/spring-boot-starter-validation-3.2.5.jar:/home/ubuntu/.m2/repository/org/apache/tomcat/embed/tomcat-embed-el/10.1.20/tomcat-embed-el-10.1.20.jar:/home/ubuntu/.m2/repository/org/hibernate/validator/hibernate-validator/8.0.1.Final/hibernate-validator-8.0.1.Final.jar:/home/ubuntu/.m2/repository/jakarta/validation/jakarta.validation-api/3.0.2/jakarta.validation-api-3.0.2.jar:/home/ubuntu/.m2/repository/com/h2database/h2/2.2.224/h2-2.2.224.jar:/home/ubuntu/.m2/repository/org/springframework/boot/spring-boot-starter-test/3.2.5/spring-boot-starter-test-3.2.5.jar:/home/ubuntu/.m2/repository/org/springframework/boot/spring-boot-test/3.2.5/spring-boot-test-3.2.5.jar:/home/ubuntu/.m2/repository/org/springframework/boot/spring-boot-test-autoconfigure/3.2.5/spring-boot-test-autoconfigure-3.2.5.jar:/home/ubuntu/.m2/repository/com/jayway/jsonpath/json-path/2.9.0/json-path-2.9.0.jar:/home/ubuntu/.m2/repository/jakarta/xml/bind/jakarta.xml.bind-api/4.0.2/jakarta.xml.bind-api-4.0.2.jar:/home/ubuntu/.m2/repository/jakarta/activation/jakarta.activation-api/2.1.3/jakarta.activation-api-2.1.3.jar:/home/ubuntu/.m2/repository/net/minidev/json-smart/2.5.1/json-smart-2.5.1.jar:/home/ubuntu/.m2/repository/net/minidev/accessors-smart/2.5.1/accessors-smart-2.5.1.jar:/home/ubuntu/.m2/repository/org/ow2/asm/asm/9.6/asm-9.6.jar:/home/ubuntu/.m2/repository/org/assertj/assertj-core/3.24.2/assertj-core-3.24.2.jar:/home/ubuntu/.m2/repository/org/awaitility/awaitility/4.2.1/awaitility-4.2.1.jar:/home/ubuntu/.m2/repository/org/hamcrest/hamcrest/2.2/hamcrest-2.2.jar:/home/ubuntu/.m2/repository/org/junit/jupiter/junit-jupiter/5.10.2/junit-jupiter-5.10.2.jar:/home/ubuntu/.m2/repository/org/junit/jupiter/junit-jupiter-api/5.10.2/junit-jupiter-api-5.10.2.jar:/home/ubuntu/.m2/repository/org/opentest4j/opentest4j/1.3.0/opentest4j-1.3.0.jar:/home/ubuntu/.m2/repository/org/junit/platform/junit-platform-commons/1.10.2/junit-platform-commons-1.10.2.jar:/home/ubuntu/.m2/repository/org/apiguardian/apiguardian-api/1.1.2/apiguardian-api-1.1.2.jar:/home/ubuntu/.m2/repository/org/junit/jupiter/junit-jupiter-params/5.10.2/junit-jupiter-params-5.10.2.jar:/home/ubuntu/.m2/repository/org/junit/jupiter/junit-jupiter-engine/5.10.2/junit-jupiter-engine-5.10.2.jar:/home/ubuntu/.m2/repository/org/junit/platform/junit-platform-engine/1.10.2/junit-platform-engine-1.10.2.jar:/home/ubuntu/.m2/repository/org/mockito/mockito-core/5.7.0/mockito-core-5.7.0.jar:/home/ubuntu/.m2/repository/net/bytebuddy/byte-buddy-agent/1.14.13/byte-buddy-agent-1.14.13.jar:/home/ubuntu/.m2/repository/org/objenesis/objenesis/3.3/objenesis-3.3.jar:/home/ubuntu/.m2/repository/org/mockito/mockito-junit-jupiter/5.7.0/mockito-junit-jupiter-5.7.0.jar:/home/ubuntu/.m2/repository/org/skyscreamer/jsonassert/1.5.1/jsonassert-1.5.1.jar:/home/ubuntu/.m2/repository/com/vaadin/external/google/android-json/0.0.20131108.vaadin1/android-json-0.0.20131108.vaadin1.jar:/home/ubuntu/.m2/repository/org/springframework/spring-core/6.1.6/spring-core-6.1.6.jar:/home/ubuntu/.m2/repository/org/springframework/spring-jcl/6.1.6/spring-jcl-6.1.6.jar:/home/ubuntu/.m2/repository/org/springframework/spring-test/6.1.6/spring-test-6.1.6.jar:/home/ubuntu/.m2/repository/org/xmlunit/xmlunit-core/2.9.1/xmlunit-core-2.9.1.jar:"/>
    <property name="sun.cpu.endian" value="little"/>
    <property name="user.home" value="/home/ubuntu"/>
    <property name="user.language" value="en"/>
    <property name="java.specification.vendor" value="Oracle Corporation"/>
    <property name="java.version.date" value="2025-04-15"/>
    <property name="java.home" value="/usr/lib/jvm/java-21-openjdk-amd64"/>
    <property name="file.separator" value="/"/>
    <property name="basedir" value="/workspace"/>
    <property name="java.vm.compressedOopsMode" value="Zero based"/>
    <property name="line.separator" value="&#10;"/>
    <property name="java.vm.specification.vendor" value="Oracle Corporation"/>
    <property name="java.specification.name" value="Java Platform API Specification"/>
    <property name="FILE_LOG_CHARSET" value="UTF-8"/>
    <property name="java.awt.headless" value="true"/>
    <property name="surefire.real.class.path" value="/workspace/target/surefire/surefirebooter-20250806193519177_3.jar"/>
    <property name="sun.management.compiler" value="HotSpot 64-Bit Tiered Compilers"/>
    <property name="java.runtime.version" value="21.0.7+6-Ubuntu-0ubuntu125.04"/>
    <property name="user.name" value="ubuntu"/>
    <property name="stdout.encoding" value="UTF-8"/>
    <property name="path.separator" value=":"/>
    <property name="os.version" value="6.1.147"/>
    <property name="java.runtime.name" value="OpenJDK Runtime Environment"/>
    <property name="file.encoding" value="UTF-8"/>
    <property name="java.vm.name" value="OpenJDK 64-Bit Server VM"/>
    <property name="localRepository" value="/home/ubuntu/.m2/repository"/>
    <property name="java.vendor.url.bug" value="https://bugs.launchpad.net/ubuntu/+source/openjdk-21"/>
    <property name="java.io.tmpdir" value="/tmp"/>
    <property name="catalina.home" value="/tmp/tomcat.0.4038667477346251433"/>
    <property name="com.zaxxer.hikari.pool_number" value="8"/>
    <property name="java.version" value="21.0.7"/>
    <property name="user.dir" value="/workspace"/>
    <property name="os.arch" value="amd64"/>
    <property name="java.vm.specification.name" value="Java Virtual Machine Specification"/>
    <property name="PID" value="7099"/>
    <property name="CONSOLE_LOG_CHARSET" value="UTF-8"/>
    <property name="catalina.base" value="/tmp/tomcat.0.13551503323672665984"/>
    <property name="native.encoding" value="UTF-8"/>
    <property name="java.library.path" value="/usr/java/packages/lib:/usr/lib/x86_64-linux-gnu/jni:/lib/x86_64-linux-gnu:/usr/lib/x86_64-linux-gnu:/usr/lib/jni:/lib:/usr/lib"/>
    <property name="java.vm.info" value="mixed mode, sharing"/>
    <property name="stderr.encoding" value="UTF-8"/>
    <property name="java.vendor" value="Ubuntu"/>
    <property name="java.vm.version" value="21.0.7+6-Ubuntu-0ubuntu125.04"/>
    <property name="sun.io.unicode.encoding" value="UnicodeLittle"/>
    <property name="java.class.version" value="65.0"/>
    <property name="LOGGED_APPLICATION_NAME" value="[task-management-api-test] "/>
  </properties>
  <testcase name="shouldHandleSearchOperations" classname="com.example.taskmanagement.TaskManagementIntegrationTest" time="0.947">
    <system-out><![CDATA[19:35:19.680 [main] INFO org.springframework.test.context.support.AnnotationConfigContextLoaderUtils -- Could not detect default configuration classes for test class [com.example.taskmanagement.TaskManagementIntegrationTest]: TaskManagementIntegrationTest does not declare any static, non-private, non-final, nested classes annotated with @Configuration.
19:35:19.741 [main] INFO org.springframework.boot.test.context.SpringBootTestContextBootstrapper -- Found @SpringBootConfiguration com.example.taskmanagement.TaskManagementApplication for test class com.example.taskmanagement.TaskManagementIntegrationTest

  .   ____          _            __ _ _
 /\\ / ___'_ __ _ _(_)_ __  __ _ \ \ \ \
( ( )\___ | '_ | '_| | '_ \/ _` | \ \ \ \
 \\/  ___)| |_)| | | | | || (_| |  ) ) ) )
  '  |____| .__|_| |_|_| |_\__, | / / / /
 =========|_|==============|___/=/_/_/_/
 :: Spring Boot ::                (v3.2.5)

2025-08-06T19:35:20.008Z  INFO 7099 --- [task-management-api-test] [           main] c.e.t.TaskManagementIntegrationTest      : Starting TaskManagementIntegrationTest using Java 21.0.7 with PID 7099 (started by ubuntu in /workspace)
2025-08-06T19:35:20.009Z DEBUG 7099 --- [task-management-api-test] [           main] c.e.t.TaskManagementIntegrationTest      : Running with Spring Boot v3.2.5, Spring v6.1.6
2025-08-06T19:35:20.009Z  INFO 7099 --- [task-management-api-test] [           main] c.e.t.TaskManagementIntegrationTest      : The following 1 profile is active: "test"
2025-08-06T19:35:20.408Z  INFO 7099 --- [task-management-api-test] [           main] .s.d.r.c.RepositoryConfigurationDelegate : Bootstrapping Spring Data JPA repositories in DEFAULT mode.
2025-08-06T19:35:20.439Z  INFO 7099 --- [task-management-api-test] [           main] .s.d.r.c.RepositoryConfigurationDelegate : Finished Spring Data repository scanning in 26 ms. Found 1 JPA repository interface.
2025-08-06T19:35:20.748Z  INFO 7099 --- [task-management-api-test] [           main] o.s.b.w.embedded.tomcat.TomcatWebServer  : Tomcat initialized with port 0 (http)
2025-08-06T19:35:20.759Z  INFO 7099 --- [task-management-api-test] [           main] o.apache.catalina.core.StandardService   : Starting service [Tomcat]
2025-08-06T19:35:20.760Z  INFO 7099 --- [task-management-api-test] [           main] o.apache.catalina.core.StandardEngine    : Starting Servlet engine: [Apache Tomcat/10.1.20]
2025-08-06T19:35:20.791Z  INFO 7099 --- [task-management-api-test] [           main] o.a.c.c.C.[Tomcat].[localhost].[/]       : Initializing Spring embedded WebApplicationContext
2025-08-06T19:35:20.791Z  INFO 7099 --- [task-management-api-test] [           main] w.s.c.ServletWebServerApplicationContext : Root WebApplicationContext: initialization completed in 774 ms
2025-08-06T19:35:20.816Z  INFO 7099 --- [task-management-api-test] [           main] com.zaxxer.hikari.HikariDataSource       : HikariPool-1 - Starting...
2025-08-06T19:35:20.971Z  INFO 7099 --- [task-management-api-test] [           main] com.zaxxer.hikari.pool.HikariPool        : HikariPool-1 - Added connection conn0: url=jdbc:h2:mem:testdb user=SA
2025-08-06T19:35:20.972Z  INFO 7099 --- [task-management-api-test] [           main] com.zaxxer.hikari.HikariDataSource       : HikariPool-1 - Start completed.
2025-08-06T19:35:20.981Z  INFO 7099 --- [task-management-api-test] [           main] o.s.b.a.h2.H2ConsoleAutoConfiguration    : H2 console available at '/h2-console'. Database available at 'jdbc:h2:mem:testdb'
2025-08-06T19:35:21.066Z  INFO 7099 --- [task-management-api-test] [           main] o.hibernate.jpa.internal.util.LogHelper  : HHH000204: Processing PersistenceUnitInfo [name: default]
2025-08-06T19:35:21.093Z  INFO 7099 --- [task-management-api-test] [           main] org.hibernate.Version                    : HHH000412: Hibernate ORM core version 6.4.4.Final
2025-08-06T19:35:21.110Z  INFO 7099 --- [task-management-api-test] [           main] o.h.c.internal.RegionFactoryInitiator    : HHH000026: Second-level cache disabled
2025-08-06T19:35:21.219Z  INFO 7099 --- [task-management-api-test] [           main] o.s.o.j.p.SpringPersistenceUnitInfo      : No LoadTimeWeaver setup: ignoring JPA class transformer
2025-08-06T19:35:21.241Z  WARN 7099 --- [task-management-api-test] [           main] org.hibernate.orm.deprecation            : HHH90000025: H2Dialect does not need to be specified explicitly using 'hibernate.dialect' (remove the property setting and it will be selected by default)
2025-08-06T19:35:21.716Z  INFO 7099 --- [task-management-api-test] [           main] o.h.e.t.j.p.i.JtaPlatformInitiator       : HHH000489: No JTA platform available (set 'hibernate.transaction.jta.platform' to enable JTA platform integration)
2025-08-06T19:35:21.741Z  INFO 7099 --- [task-management-api-test] [           main] j.LocalContainerEntityManagerFactoryBean : Initialized JPA EntityManagerFactory for persistence unit 'default'
2025-08-06T19:35:21.962Z  INFO 7099 --- [task-management-api-test] [           main] o.s.d.j.r.query.QueryEnhancerFactory     : Hibernate is in classpath; If applicable, HQL parser will be used.
2025-08-06T19:35:22.314Z  WARN 7099 --- [task-management-api-test] [           main] JpaBaseConfiguration$JpaWebConfiguration : spring.jpa.open-in-view is enabled by default. Therefore, database queries may be performed during view rendering. Explicitly configure spring.jpa.open-in-view to disable this warning
2025-08-06T19:35:22.563Z  INFO 7099 --- [task-management-api-test] [           main] o.s.b.w.embedded.tomcat.TomcatWebServer  : Tomcat started on port 35413 (http) with context path ''
2025-08-06T19:35:22.572Z  INFO 7099 --- [task-management-api-test] [           main] c.e.t.TaskManagementIntegrationTest      : Started TaskManagementIntegrationTest in 2.755 seconds (process running for 3.361)
2025-08-06T19:35:22.598Z  INFO 7099 --- [task-management-api-test] [           main] j.LocalContainerEntityManagerFactoryBean : Closing JPA EntityManagerFactory for persistence unit 'default'
2025-08-06T19:35:22.602Z  INFO 7099 --- [task-management-api-test] [           main] com.zaxxer.hikari.HikariDataSource       : HikariPool-1 - Shutdown initiated...
2025-08-06T19:35:22.603Z  INFO 7099 --- [task-management-api-test] [           main] com.zaxxer.hikari.HikariDataSource       : HikariPool-1 - Shutdown completed.

  .   ____          _            __ _ _
 /\\ / ___'_ __ _ _(_)_ __  __ _ \ \ \ \
( ( )\___ | '_ | '_| | '_ \/ _` | \ \ \ \
 \\/  ___)| |_)| | | | | || (_| |  ) ) ) )
  '  |____| .__|_| |_|_| |_\__, | / / / /
 =========|_|==============|___/=/_/_/_/
 :: Spring Boot ::                (v3.2.5)

2025-08-06T19:35:22.624Z  INFO 7099 --- [task-management-api-test] [           main] c.e.t.TaskManagementIntegrationTest      : Starting TaskManagementIntegrationTest using Java 21.0.7 with PID 7099 (started by ubuntu in /workspace)
2025-08-06T19:35:22.624Z DEBUG 7099 --- [task-management-api-test] [           main] c.e.t.TaskManagementIntegrationTest      : Running with Spring Boot v3.2.5, Spring v6.1.6
2025-08-06T19:35:22.624Z  INFO 7099 --- [task-management-api-test] [           main] c.e.t.TaskManagementIntegrationTest      : The following 1 profile is active: "test"
2025-08-06T19:35:22.709Z  INFO 7099 --- [task-management-api-test] [           main] .s.d.r.c.RepositoryConfigurationDelegate : Bootstrapping Spring Data JPA repositories in DEFAULT mode.
2025-08-06T19:35:22.713Z  INFO 7099 --- [task-management-api-test] [           main] .s.d.r.c.RepositoryConfigurationDelegate : Finished Spring Data repository scanning in 3 ms. Found 1 JPA repository interface.
2025-08-06T19:35:22.753Z  INFO 7099 --- [task-management-api-test] [           main] o.s.b.w.embedded.tomcat.TomcatWebServer  : Tomcat initialized with port 0 (http)
2025-08-06T19:35:22.754Z  INFO 7099 --- [task-management-api-test] [           main] o.apache.catalina.core.StandardService   : Starting service [Tomcat]
2025-08-06T19:35:22.754Z  INFO 7099 --- [task-management-api-test] [           main] o.apache.catalina.core.StandardEngine    : Starting Servlet engine: [Apache Tomcat/10.1.20]
2025-08-06T19:35:22.761Z  INFO 7099 --- [task-management-api-test] [           main] o.a.c.c.C.[Tomcat].[localhost].[/]       : Initializing Spring embedded WebApplicationContext
2025-08-06T19:35:22.761Z  INFO 7099 --- [task-management-api-test] [           main] w.s.c.ServletWebServerApplicationContext : Root WebApplicationContext: initialization completed in 135 ms
2025-08-06T19:35:22.768Z  INFO 7099 --- [task-management-api-test] [           main] com.zaxxer.hikari.HikariDataSource       : HikariPool-2 - Starting...
2025-08-06T19:35:22.770Z  INFO 7099 --- [task-management-api-test] [           main] com.zaxxer.hikari.pool.HikariPool        : HikariPool-2 - Added connection conn10: url=jdbc:h2:mem:testdb user=SA
2025-08-06T19:35:22.771Z  INFO 7099 --- [task-management-api-test] [           main] com.zaxxer.hikari.HikariDataSource       : HikariPool-2 - Start completed.
2025-08-06T19:35:22.771Z  INFO 7099 --- [task-management-api-test] [           main] o.s.b.a.h2.H2ConsoleAutoConfiguration    : H2 console available at '/h2-console'. Database available at 'jdbc:h2:mem:testdb'
2025-08-06T19:35:22.786Z  INFO 7099 --- [task-management-api-test] [           main] o.hibernate.jpa.internal.util.LogHelper  : HHH000204: Processing PersistenceUnitInfo [name: default]
2025-08-06T19:35:22.787Z  INFO 7099 --- [task-management-api-test] [           main] o.h.c.internal.RegionFactoryInitiator    : HHH000026: Second-level cache disabled
2025-08-06T19:35:22.789Z  INFO 7099 --- [task-management-api-test] [           main] o.s.o.j.p.SpringPersistenceUnitInfo      : No LoadTimeWeaver setup: ignoring JPA class transformer
2025-08-06T19:35:22.790Z  WARN 7099 --- [task-management-api-test] [           main] org.hibernate.orm.deprecation            : HHH90000025: H2Dialect does not need to be specified explicitly using 'hibernate.dialect' (remove the property setting and it will be selected by default)
2025-08-06T19:35:22.815Z  INFO 7099 --- [task-management-api-test] [           main] o.h.e.t.j.p.i.JtaPlatformInitiator       : HHH000489: No JTA platform available (set 'hibernate.transaction.jta.platform' to enable JTA platform integration)
2025-08-06T19:35:22.817Z  INFO 7099 --- [task-management-api-test] [           main] j.LocalContainerEntityManagerFactoryBean : Initialized JPA EntityManagerFactory for persistence unit 'default'
2025-08-06T19:35:22.847Z  WARN 7099 --- [task-management-api-test] [           main] JpaBaseConfiguration$JpaWebConfiguration : spring.jpa.open-in-view is enabled by default. Therefore, database queries may be performed during view rendering. Explicitly configure spring.jpa.open-in-view to disable this warning
2025-08-06T19:35:22.919Z  INFO 7099 --- [task-management-api-test] [           main] o.s.b.w.embedded.tomcat.TomcatWebServer  : Tomcat started on port 43069 (http) with context path ''
2025-08-06T19:35:22.921Z  INFO 7099 --- [task-management-api-test] [           main] c.e.t.TaskManagementIntegrationTest      : Started TaskManagementIntegrationTest in 0.312 seconds (process running for 3.71)
2025-08-06T19:35:23.330Z  INFO 7099 --- [task-management-api-test] [           main] o.a.c.c.C.[Tomcat].[localhost].[/]       : Initializing Spring TestDispatcherServlet ''
2025-08-06T19:35:23.331Z  INFO 7099 --- [task-management-api-test] [           main] o.s.t.web.servlet.TestDispatcherServlet  : Initializing Servlet ''
2025-08-06T19:35:23.331Z  INFO 7099 --- [task-management-api-test] [           main] o.s.t.web.servlet.TestDispatcherServlet  : Completed initialization in 0 ms
]]></system-out>
    <system-err><![CDATA[WARNING: A Java agent has been loaded dynamically (/home/ubuntu/.m2/repository/net/bytebuddy/byte-buddy-agent/1.14.13/byte-buddy-agent-1.14.13.jar)
WARNING: If a serviceability tool is in use, please run with -XX:+EnableDynamicAgentLoading to hide this warning
WARNING: If a serviceability tool is not in use, please run with -Djdk.instrument.traceUsage for more information
WARNING: Dynamic loading of agents will be disallowed by default in a future release
]]></system-err>
  </testcase>
  <testcase name="shouldPerformFullTaskLifecycle" classname="com.example.taskmanagement.TaskManagementIntegrationTest" time="0.422">
    <system-out><![CDATA[2025-08-06T19:35:23.534Z  INFO 7099 --- [task-management-api-test] [           main] j.LocalContainerEntityManagerFactoryBean : Closing JPA EntityManagerFactory for persistence unit 'default'
2025-08-06T19:35:23.535Z  INFO 7099 --- [task-management-api-test] [           main] com.zaxxer.hikari.HikariDataSource       : HikariPool-2 - Shutdown initiated...
2025-08-06T19:35:23.536Z  INFO 7099 --- [task-management-api-test] [           main] com.zaxxer.hikari.HikariDataSource       : HikariPool-2 - Shutdown completed.

  .   ____          _            __ _ _
 /\\ / ___'_ __ _ _(_)_ __  __ _ \ \ \ \
( ( )\___ | '_ | '_| | '_ \/ _` | \ \ \ \
 \\/  ___)| |_)| | | | | || (_| |  ) ) ) )
  '  |____| .__|_| |_|_| |_\__, | / / / /
 =========|_|==============|___/=/_/_/_/
 :: Spring Boot ::                (v3.2.5)

2025-08-06T19:35:23.553Z  INFO 7099 --- [task-management-api-test] [           main] c.e.t.TaskManagementIntegrationTest      : Starting TaskManagementIntegrationTest using Java 21.0.7 with PID 7099 (started by ubuntu in /workspace)
2025-08-06T19:35:23.553Z DEBUG 7099 --- [task-management-api-test] [           main] c.e.t.TaskManagementIntegrationTest      : Running with Spring Boot v3.2.5, Spring v6.1.6
2025-08-06T19:35:23.553Z  INFO 7099 --- [task-management-api-test] [           main] c.e.t.TaskManagementIntegrationTest      : The following 1 profile is active: "test"
2025-08-06T19:35:23.612Z  INFO 7099 --- [task-management-api-test] [           main] .s.d.r.c.RepositoryConfigurationDelegate : Bootstrapping Spring Data JPA repositories in DEFAULT mode.
2025-08-06T19:35:23.615Z  INFO 7099 --- [task-management-api-test] [           main] .s.d.r.c.RepositoryConfigurationDelegate : Finished Spring Data repository scanning in 3 ms. Found 1 JPA repository interface.
2025-08-06T19:35:23.660Z  INFO 7099 --- [task-management-api-test] [           main] o.s.b.w.embedded.tomcat.TomcatWebServer  : Tomcat initialized with port 0 (http)
2025-08-06T19:35:23.661Z  INFO 7099 --- [task-management-api-test] [           main] o.apache.catalina.core.StandardService   : Starting service [Tomcat]
2025-08-06T19:35:23.661Z  INFO 7099 --- [task-management-api-test] [           main] o.apache.catalina.core.StandardEngine    : Starting Servlet engine: [Apache Tomcat/10.1.20]
2025-08-06T19:35:23.668Z  INFO 7099 --- [task-management-api-test] [           main] o.a.c.c.C.[Tomcat].[localhost].[/]       : Initializing Spring embedded WebApplicationContext
2025-08-06T19:35:23.668Z  INFO 7099 --- [task-management-api-test] [           main] w.s.c.ServletWebServerApplicationContext : Root WebApplicationContext: initialization completed in 115 ms
2025-08-06T19:35:23.674Z  INFO 7099 --- [task-management-api-test] [           main] com.zaxxer.hikari.HikariDataSource       : HikariPool-3 - Starting...
2025-08-06T19:35:23.675Z  INFO 7099 --- [task-management-api-test] [           main] com.zaxxer.hikari.pool.HikariPool        : HikariPool-3 - Added connection conn20: url=jdbc:h2:mem:testdb user=SA
2025-08-06T19:35:23.675Z  INFO 7099 --- [task-management-api-test] [           main] com.zaxxer.hikari.HikariDataSource       : HikariPool-3 - Start completed.
2025-08-06T19:35:23.675Z  INFO 7099 --- [task-management-api-test] [           main] o.s.b.a.h2.H2ConsoleAutoConfiguration    : H2 console available at '/h2-console'. Database available at 'jdbc:h2:mem:testdb'
2025-08-06T19:35:23.715Z  INFO 7099 --- [task-management-api-test] [           main] o.hibernate.jpa.internal.util.LogHelper  : HHH000204: Processing PersistenceUnitInfo [name: default]
2025-08-06T19:35:23.719Z  INFO 7099 --- [task-management-api-test] [           main] o.h.c.internal.RegionFactoryInitiator    : HHH000026: Second-level cache disabled
2025-08-06T19:35:23.723Z  INFO 7099 --- [task-management-api-test] [           main] o.s.o.j.p.SpringPersistenceUnitInfo      : No LoadTimeWeaver setup: ignoring JPA class transformer
2025-08-06T19:35:23.724Z  WARN 7099 --- [task-management-api-test] [           main] org.hibernate.orm.deprecation            : HHH90000025: H2Dialect does not need to be specified explicitly using 'hibernate.dialect' (remove the property setting and it will be selected by default)
2025-08-06T19:35:23.748Z  INFO 7099 --- [task-management-api-test] [           main] o.h.e.t.j.p.i.JtaPlatformInitiator       : HHH000489: No JTA platform available (set 'hibernate.transaction.jta.platform' to enable JTA platform integration)
2025-08-06T19:35:23.749Z  INFO 7099 --- [task-management-api-test] [           main] j.LocalContainerEntityManagerFactoryBean : Initialized JPA EntityManagerFactory for persistence unit 'default'
2025-08-06T19:35:23.776Z  WARN 7099 --- [task-management-api-test] [           main] JpaBaseConfiguration$JpaWebConfiguration : spring.jpa.open-in-view is enabled by default. Therefore, database queries may be performed during view rendering. Explicitly configure spring.jpa.open-in-view to disable this warning
2025-08-06T19:35:23.826Z  INFO 7099 --- [task-management-api-test] [           main] o.s.b.w.embedded.tomcat.TomcatWebServer  : Tomcat started on port 35003 (http) with context path ''
2025-08-06T19:35:23.828Z  INFO 7099 --- [task-management-api-test] [           main] c.e.t.TaskManagementIntegrationTest      : Started TaskManagementIntegrationTest in 0.29 seconds (process running for 4.618)
2025-08-06T19:35:23.831Z  INFO 7099 --- [task-management-api-test] [           main] o.a.c.c.C.[Tomcat].[localhost].[/]       : Initializing Spring TestDispatcherServlet ''
2025-08-06T19:35:23.831Z  INFO 7099 --- [task-management-api-test] [           main] o.s.t.web.servlet.TestDispatcherServlet  : Initializing Servlet ''
2025-08-06T19:35:23.831Z  INFO 7099 --- [task-management-api-test] [           main] o.s.t.web.servlet.TestDispatcherServlet  : Completed initialization in 0 ms
]]></system-out>
  </testcase>
  <testcase name="shouldHandleTaskStatusOperations" classname="com.example.taskmanagement.TaskManagementIntegrationTest" time="0.323">
    <system-out><![CDATA[2025-08-06T19:35:23.959Z  INFO 7099 --- [task-management-api-test] [           main] j.LocalContainerEntityManagerFactoryBean : Closing JPA EntityManagerFactory for persistence unit 'default'
2025-08-06T19:35:23.965Z  INFO 7099 --- [task-management-api-test] [           main] com.zaxxer.hikari.HikariDataSource       : HikariPool-3 - Shutdown initiated...
2025-08-06T19:35:23.967Z  INFO 7099 --- [task-management-api-test] [           main] com.zaxxer.hikari.HikariDataSource       : HikariPool-3 - Shutdown completed.

  .   ____          _            __ _ _
 /\\ / ___'_ __ _ _(_)_ __  __ _ \ \ \ \
( ( )\___ | '_ | '_| | '_ \/ _` | \ \ \ \
 \\/  ___)| |_)| | | | | || (_| |  ) ) ) )
  '  |____| .__|_| |_|_| |_\__, | / / / /
 =========|_|==============|___/=/_/_/_/
 :: Spring Boot ::                (v3.2.5)

2025-08-06T19:35:23.993Z  INFO 7099 --- [task-management-api-test] [           main] c.e.t.TaskManagementIntegrationTest      : Starting TaskManagementIntegrationTest using Java 21.0.7 with PID 7099 (started by ubuntu in /workspace)
2025-08-06T19:35:23.993Z DEBUG 7099 --- [task-management-api-test] [           main] c.e.t.TaskManagementIntegrationTest      : Running with Spring Boot v3.2.5, Spring v6.1.6
2025-08-06T19:35:23.993Z  INFO 7099 --- [task-management-api-test] [           main] c.e.t.TaskManagementIntegrationTest      : The following 1 profile is active: "test"
2025-08-06T19:35:24.062Z  INFO 7099 --- [task-management-api-test] [           main] .s.d.r.c.RepositoryConfigurationDelegate : Bootstrapping Spring Data JPA repositories in DEFAULT mode.
2025-08-06T19:35:24.068Z  INFO 7099 --- [task-management-api-test] [           main] .s.d.r.c.RepositoryConfigurationDelegate : Finished Spring Data repository scanning in 5 ms. Found 1 JPA repository interface.
2025-08-06T19:35:24.110Z  INFO 7099 --- [task-management-api-test] [           main] o.s.b.w.embedded.tomcat.TomcatWebServer  : Tomcat initialized with port 0 (http)
2025-08-06T19:35:24.111Z  INFO 7099 --- [task-management-api-test] [           main] o.apache.catalina.core.StandardService   : Starting service [Tomcat]
2025-08-06T19:35:24.111Z  INFO 7099 --- [task-management-api-test] [           main] o.apache.catalina.core.StandardEngine    : Starting Servlet engine: [Apache Tomcat/10.1.20]
2025-08-06T19:35:24.117Z  INFO 7099 --- [task-management-api-test] [           main] o.a.c.c.C.[Tomcat].[localhost].[/]       : Initializing Spring embedded WebApplicationContext
2025-08-06T19:35:24.117Z  INFO 7099 --- [task-management-api-test] [           main] w.s.c.ServletWebServerApplicationContext : Root WebApplicationContext: initialization completed in 123 ms
2025-08-06T19:35:24.122Z  INFO 7099 --- [task-management-api-test] [           main] com.zaxxer.hikari.HikariDataSource       : HikariPool-4 - Starting...
2025-08-06T19:35:24.124Z  INFO 7099 --- [task-management-api-test] [           main] com.zaxxer.hikari.pool.HikariPool        : HikariPool-4 - Added connection conn30: url=jdbc:h2:mem:testdb user=SA
2025-08-06T19:35:24.124Z  INFO 7099 --- [task-management-api-test] [           main] com.zaxxer.hikari.HikariDataSource       : HikariPool-4 - Start completed.
2025-08-06T19:35:24.124Z  INFO 7099 --- [task-management-api-test] [           main] o.s.b.a.h2.H2ConsoleAutoConfiguration    : H2 console available at '/h2-console'. Database available at 'jdbc:h2:mem:testdb'
2025-08-06T19:35:24.134Z  INFO 7099 --- [task-management-api-test] [           main] o.hibernate.jpa.internal.util.LogHelper  : HHH000204: Processing PersistenceUnitInfo [name: default]
2025-08-06T19:35:24.135Z  INFO 7099 --- [task-management-api-test] [           main] o.h.c.internal.RegionFactoryInitiator    : HHH000026: Second-level cache disabled
2025-08-06T19:35:24.138Z  INFO 7099 --- [task-management-api-test] [           main] o.s.o.j.p.SpringPersistenceUnitInfo      : No LoadTimeWeaver setup: ignoring JPA class transformer
2025-08-06T19:35:24.140Z  WARN 7099 --- [task-management-api-test] [           main] org.hibernate.orm.deprecation            : HHH90000025: H2Dialect does not need to be specified explicitly using 'hibernate.dialect' (remove the property setting and it will be selected by default)
2025-08-06T19:35:24.161Z  INFO 7099 --- [task-management-api-test] [           main] o.h.e.t.j.p.i.JtaPlatformInitiator       : HHH000489: No JTA platform available (set 'hibernate.transaction.jta.platform' to enable JTA platform integration)
2025-08-06T19:35:24.162Z  INFO 7099 --- [task-management-api-test] [           main] j.LocalContainerEntityManagerFactoryBean : Initialized JPA EntityManagerFactory for persistence unit 'default'
2025-08-06T19:35:24.187Z  WARN 7099 --- [task-management-api-test] [           main] JpaBaseConfiguration$JpaWebConfiguration : spring.jpa.open-in-view is enabled by default. Therefore, database queries may be performed during view rendering. Explicitly configure spring.jpa.open-in-view to disable this warning
2025-08-06T19:35:24.250Z  INFO 7099 --- [task-management-api-test] [           main] o.s.b.w.embedded.tomcat.TomcatWebServer  : Tomcat started on port 42725 (http) with context path ''
2025-08-06T19:35:24.252Z  INFO 7099 --- [task-management-api-test] [           main] c.e.t.TaskManagementIntegrationTest      : Started TaskManagementIntegrationTest in 0.28 seconds (process running for 5.041)
2025-08-06T19:35:24.254Z  INFO 7099 --- [task-management-api-test] [           main] o.a.c.c.C.[Tomcat].[localhost].[/]       : Initializing Spring TestDispatcherServlet ''
2025-08-06T19:35:24.254Z  INFO 7099 --- [task-management-api-test] [           main] o.s.t.web.servlet.TestDispatcherServlet  : Initializing Servlet ''
2025-08-06T19:35:24.255Z  INFO 7099 --- [task-management-api-test] [           main] o.s.t.web.servlet.TestDispatcherServlet  : Completed initialization in 1 ms
]]></system-out>
  </testcase>
  <testcase name="shouldHandleNotFoundErrors" classname="com.example.taskmanagement.TaskManagementIntegrationTest" time="0.314">
    <system-out><![CDATA[2025-08-06T19:35:24.282Z  INFO 7099 --- [task-management-api-test] [           main] j.LocalContainerEntityManagerFactoryBean : Closing JPA EntityManagerFactory for persistence unit 'default'
2025-08-06T19:35:24.283Z  INFO 7099 --- [task-management-api-test] [           main] com.zaxxer.hikari.HikariDataSource       : HikariPool-4 - Shutdown initiated...
2025-08-06T19:35:24.288Z  INFO 7099 --- [task-management-api-test] [           main] com.zaxxer.hikari.HikariDataSource       : HikariPool-4 - Shutdown completed.

  .   ____          _            __ _ _
 /\\ / ___'_ __ _ _(_)_ __  __ _ \ \ \ \
( ( )\___ | '_ | '_| | '_ \/ _` | \ \ \ \
 \\/  ___)| |_)| | | | | || (_| |  ) ) ) )
  '  |____| .__|_| |_|_| |_\__, | / / / /
 =========|_|==============|___/=/_/_/_/
 :: Spring Boot ::                (v3.2.5)

2025-08-06T19:35:24.311Z  INFO 7099 --- [task-management-api-test] [           main] c.e.t.TaskManagementIntegrationTest      : Starting TaskManagementIntegrationTest using Java 21.0.7 with PID 7099 (started by ubuntu in /workspace)
2025-08-06T19:35:24.311Z DEBUG 7099 --- [task-management-api-test] [           main] c.e.t.TaskManagementIntegrationTest      : Running with Spring Boot v3.2.5, Spring v6.1.6
2025-08-06T19:35:24.311Z  INFO 7099 --- [task-management-api-test] [           main] c.e.t.TaskManagementIntegrationTest      : The following 1 profile is active: "test"
2025-08-06T19:35:24.402Z  INFO 7099 --- [task-management-api-test] [           main] .s.d.r.c.RepositoryConfigurationDelegate : Bootstrapping Spring Data JPA repositories in DEFAULT mode.
2025-08-06T19:35:24.405Z  INFO 7099 --- [task-management-api-test] [           main] .s.d.r.c.RepositoryConfigurationDelegate : Finished Spring Data repository scanning in 2 ms. Found 1 JPA repository interface.
2025-08-06T19:35:24.432Z  INFO 7099 --- [task-management-api-test] [           main] o.s.b.w.embedded.tomcat.TomcatWebServer  : Tomcat initialized with port 0 (http)
2025-08-06T19:35:24.433Z  INFO 7099 --- [task-management-api-test] [           main] o.apache.catalina.core.StandardService   : Starting service [Tomcat]
2025-08-06T19:35:24.433Z  INFO 7099 --- [task-management-api-test] [           main] o.apache.catalina.core.StandardEngine    : Starting Servlet engine: [Apache Tomcat/10.1.20]
2025-08-06T19:35:24.439Z  INFO 7099 --- [task-management-api-test] [           main] o.a.c.c.C.[Tomcat].[localhost].[/]       : Initializing Spring embedded WebApplicationContext
2025-08-06T19:35:24.439Z  INFO 7099 --- [task-management-api-test] [           main] w.s.c.ServletWebServerApplicationContext : Root WebApplicationContext: initialization completed in 127 ms
2025-08-06T19:35:24.444Z  INFO 7099 --- [task-management-api-test] [           main] com.zaxxer.hikari.HikariDataSource       : HikariPool-5 - Starting...
2025-08-06T19:35:24.449Z  INFO 7099 --- [task-management-api-test] [           main] com.zaxxer.hikari.pool.HikariPool        : HikariPool-5 - Added connection conn37: url=jdbc:h2:mem:testdb user=SA
2025-08-06T19:35:24.450Z  INFO 7099 --- [task-management-api-test] [           main] com.zaxxer.hikari.HikariDataSource       : HikariPool-5 - Start completed.
2025-08-06T19:35:24.450Z  INFO 7099 --- [task-management-api-test] [           main] o.s.b.a.h2.H2ConsoleAutoConfiguration    : H2 console available at '/h2-console'. Database available at 'jdbc:h2:mem:testdb'
2025-08-06T19:35:24.459Z  INFO 7099 --- [task-management-api-test] [           main] o.hibernate.jpa.internal.util.LogHelper  : HHH000204: Processing PersistenceUnitInfo [name: default]
2025-08-06T19:35:24.460Z  INFO 7099 --- [task-management-api-test] [           main] o.h.c.internal.RegionFactoryInitiator    : HHH000026: Second-level cache disabled
2025-08-06T19:35:24.462Z  INFO 7099 --- [task-management-api-test] [           main] o.s.o.j.p.SpringPersistenceUnitInfo      : No LoadTimeWeaver setup: ignoring JPA class transformer
2025-08-06T19:35:24.462Z  WARN 7099 --- [task-management-api-test] [           main] org.hibernate.orm.deprecation            : HHH90000025: H2Dialect does not need to be specified explicitly using 'hibernate.dialect' (remove the property setting and it will be selected by default)
2025-08-06T19:35:24.481Z  INFO 7099 --- [task-management-api-test] [           main] o.h.e.t.j.p.i.JtaPlatformInitiator       : HHH000489: No JTA platform available (set 'hibernate.transaction.jta.platform' to enable JTA platform integration)
2025-08-06T19:35:24.487Z  INFO 7099 --- [task-management-api-test] [           main] j.LocalContainerEntityManagerFactoryBean : Initialized JPA EntityManagerFactory for persistence unit 'default'
2025-08-06T19:35:24.528Z  WARN 7099 --- [task-management-api-test] [           main] JpaBaseConfiguration$JpaWebConfiguration : spring.jpa.open-in-view is enabled by default. Therefore, database queries may be performed during view rendering. Explicitly configure spring.jpa.open-in-view to disable this warning
2025-08-06T19:35:24.567Z  INFO 7099 --- [task-management-api-test] [           main] o.s.b.w.embedded.tomcat.TomcatWebServer  : Tomcat started on port 46591 (http) with context path ''
2025-08-06T19:35:24.569Z  INFO 7099 --- [task-management-api-test] [           main] c.e.t.TaskManagementIntegrationTest      : Started TaskManagementIntegrationTest in 0.278 seconds (process running for 5.359)
2025-08-06T19:35:24.571Z  INFO 7099 --- [task-management-api-test] [           main] o.a.c.c.C.[Tomcat].[localhost].[/]       : Initializing Spring TestDispatcherServlet ''
2025-08-06T19:35:24.571Z  INFO 7099 --- [task-management-api-test] [           main] o.s.t.web.servlet.TestDispatcherServlet  : Initializing Servlet ''
2025-08-06T19:35:24.572Z  INFO 7099 --- [task-management-api-test] [           main] o.s.t.web.servlet.TestDispatcherServlet  : Completed initialization in 1 ms
]]></system-out>
  </testcase>
  <testcase name="shouldProvideConvenienceEndpoints" classname="com.example.taskmanagement.TaskManagementIntegrationTest" time="0.376">
    <system-out><![CDATA[2025-08-06T19:35:24.596Z  INFO 7099 --- [task-management-api-test] [           main] j.LocalContainerEntityManagerFactoryBean : Closing JPA EntityManagerFactory for persistence unit 'default'
2025-08-06T19:35:24.597Z  INFO 7099 --- [task-management-api-test] [           main] com.zaxxer.hikari.HikariDataSource       : HikariPool-5 - Shutdown initiated...
2025-08-06T19:35:24.605Z  INFO 7099 --- [task-management-api-test] [           main] com.zaxxer.hikari.HikariDataSource       : HikariPool-5 - Shutdown completed.

  .   ____          _            __ _ _
 /\\ / ___'_ __ _ _(_)_ __  __ _ \ \ \ \
( ( )\___ | '_ | '_| | '_ \/ _` | \ \ \ \
 \\/  ___)| |_)| | | | | || (_| |  ) ) ) )
  '  |____| .__|_| |_|_| |_\__, | / / / /
 =========|_|==============|___/=/_/_/_/
 :: Spring Boot ::                (v3.2.5)

2025-08-06T19:35:24.628Z  INFO 7099 --- [task-management-api-test] [           main] c.e.t.TaskManagementIntegrationTest      : Starting TaskManagementIntegrationTest using Java 21.0.7 with PID 7099 (started by ubuntu in /workspace)
2025-08-06T19:35:24.628Z DEBUG 7099 --- [task-management-api-test] [           main] c.e.t.TaskManagementIntegrationTest      : Running with Spring Boot v3.2.5, Spring v6.1.6
2025-08-06T19:35:24.628Z  INFO 7099 --- [task-management-api-test] [           main] c.e.t.TaskManagementIntegrationTest      : The following 1 profile is active: "test"
2025-08-06T19:35:24.752Z  INFO 7099 --- [task-management-api-test] [           main] .s.d.r.c.RepositoryConfigurationDelegate : Bootstrapping Spring Data JPA repositories in DEFAULT mode.
2025-08-06T19:35:24.759Z  INFO 7099 --- [task-management-api-test] [           main] .s.d.r.c.RepositoryConfigurationDelegate : Finished Spring Data repository scanning in 6 ms. Found 1 JPA repository interface.
2025-08-06T19:35:24.796Z  INFO 7099 --- [task-management-api-test] [           main] o.s.b.w.embedded.tomcat.TomcatWebServer  : Tomcat initialized with port 0 (http)
2025-08-06T19:35:24.797Z  INFO 7099 --- [task-management-api-test] [           main] o.apache.catalina.core.StandardService   : Starting service [Tomcat]
2025-08-06T19:35:24.797Z  INFO 7099 --- [task-management-api-test] [           main] o.apache.catalina.core.StandardEngine    : Starting Servlet engine: [Apache Tomcat/10.1.20]
2025-08-06T19:35:24.807Z  INFO 7099 --- [task-management-api-test] [           main] o.a.c.c.C.[Tomcat].[localhost].[/]       : Initializing Spring embedded WebApplicationContext
2025-08-06T19:35:24.807Z  INFO 7099 --- [task-management-api-test] [           main] w.s.c.ServletWebServerApplicationContext : Root WebApplicationContext: initialization completed in 178 ms
2025-08-06T19:35:24.815Z  INFO 7099 --- [task-management-api-test] [           main] com.zaxxer.hikari.HikariDataSource       : HikariPool-6 - Starting...
2025-08-06T19:35:24.817Z  INFO 7099 --- [task-management-api-test] [           main] com.zaxxer.hikari.pool.HikariPool        : HikariPool-6 - Added connection conn43: url=jdbc:h2:mem:testdb user=SA
2025-08-06T19:35:24.818Z  INFO 7099 --- [task-management-api-test] [           main] com.zaxxer.hikari.HikariDataSource       : HikariPool-6 - Start completed.
2025-08-06T19:35:24.818Z  INFO 7099 --- [task-management-api-test] [           main] o.s.b.a.h2.H2ConsoleAutoConfiguration    : H2 console available at '/h2-console'. Database available at 'jdbc:h2:mem:testdb'
2025-08-06T19:35:24.832Z  INFO 7099 --- [task-management-api-test] [           main] o.hibernate.jpa.internal.util.LogHelper  : HHH000204: Processing PersistenceUnitInfo [name: default]
2025-08-06T19:35:24.834Z  INFO 7099 --- [task-management-api-test] [           main] o.h.c.internal.RegionFactoryInitiator    : HHH000026: Second-level cache disabled
2025-08-06T19:35:24.836Z  INFO 7099 --- [task-management-api-test] [           main] o.s.o.j.p.SpringPersistenceUnitInfo      : No LoadTimeWeaver setup: ignoring JPA class transformer
2025-08-06T19:35:24.837Z  WARN 7099 --- [task-management-api-test] [           main] org.hibernate.orm.deprecation            : HHH90000025: H2Dialect does not need to be specified explicitly using 'hibernate.dialect' (remove the property setting and it will be selected by default)
2025-08-06T19:35:24.860Z  INFO 7099 --- [task-management-api-test] [           main] o.h.e.t.j.p.i.JtaPlatformInitiator       : HHH000489: No JTA platform available (set 'hibernate.transaction.jta.platform' to enable JTA platform integration)
2025-08-06T19:35:24.862Z  INFO 7099 --- [task-management-api-test] [           main] j.LocalContainerEntityManagerFactoryBean : Initialized JPA EntityManagerFactory for persistence unit 'default'
2025-08-06T19:35:24.890Z  WARN 7099 --- [task-management-api-test] [           main] JpaBaseConfiguration$JpaWebConfiguration : spring.jpa.open-in-view is enabled by default. Therefore, database queries may be performed during view rendering. Explicitly configure spring.jpa.open-in-view to disable this warning
2025-08-06T19:35:24.932Z  INFO 7099 --- [task-management-api-test] [           main] o.s.b.w.embedded.tomcat.TomcatWebServer  : Tomcat started on port 45853 (http) with context path ''
2025-08-06T19:35:24.935Z  INFO 7099 --- [task-management-api-test] [           main] c.e.t.TaskManagementIntegrationTest      : Started TaskManagementIntegrationTest in 0.321 seconds (process running for 5.724)
2025-08-06T19:35:24.937Z  INFO 7099 --- [task-management-api-test] [           main] o.a.c.c.C.[Tomcat].[localhost].[/]       : Initializing Spring TestDispatcherServlet ''
2025-08-06T19:35:24.937Z  INFO 7099 --- [task-management-api-test] [           main] o.s.t.web.servlet.TestDispatcherServlet  : Initializing Servlet ''
2025-08-06T19:35:24.938Z  INFO 7099 --- [task-management-api-test] [           main] o.s.t.web.servlet.TestDispatcherServlet  : Completed initialization in 1 ms
]]></system-out>
  </testcase>
  <testcase name="shouldMaintainDataIntegrity" classname="com.example.taskmanagement.TaskManagementIntegrationTest" time="0.302">
    <system-out><![CDATA[2025-08-06T19:35:24.976Z  INFO 7099 --- [task-management-api-test] [           main] j.LocalContainerEntityManagerFactoryBean : Closing JPA EntityManagerFactory for persistence unit 'default'
2025-08-06T19:35:24.977Z  INFO 7099 --- [task-management-api-test] [           main] com.zaxxer.hikari.HikariDataSource       : HikariPool-6 - Shutdown initiated...
2025-08-06T19:35:24.982Z  INFO 7099 --- [task-management-api-test] [           main] com.zaxxer.hikari.HikariDataSource       : HikariPool-6 - Shutdown completed.

  .   ____          _            __ _ _
 /\\ / ___'_ __ _ _(_)_ __  __ _ \ \ \ \
( ( )\___ | '_ | '_| | '_ \/ _` | \ \ \ \
 \\/  ___)| |_)| | | | | || (_| |  ) ) ) )
  '  |____| .__|_| |_|_| |_\__, | / / / /
 =========|_|==============|___/=/_/_/_/
 :: Spring Boot ::                (v3.2.5)

2025-08-06T19:35:25.011Z  INFO 7099 --- [task-management-api-test] [           main] c.e.t.TaskManagementIntegrationTest      : Starting TaskManagementIntegrationTest using Java 21.0.7 with PID 7099 (started by ubuntu in /workspace)
2025-08-06T19:35:25.011Z DEBUG 7099 --- [task-management-api-test] [           main] c.e.t.TaskManagementIntegrationTest      : Running with Spring Boot v3.2.5, Spring v6.1.6
2025-08-06T19:35:25.011Z  INFO 7099 --- [task-management-api-test] [           main] c.e.t.TaskManagementIntegrationTest      : The following 1 profile is active: "test"
2025-08-06T19:35:25.086Z  INFO 7099 --- [task-management-api-test] [           main] .s.d.r.c.RepositoryConfigurationDelegate : Bootstrapping Spring Data JPA repositories in DEFAULT mode.
2025-08-06T19:35:25.089Z  INFO 7099 --- [task-management-api-test] [           main] .s.d.r.c.RepositoryConfigurationDelegate : Finished Spring Data repository scanning in 2 ms. Found 1 JPA repository interface.
2025-08-06T19:35:25.125Z  INFO 7099 --- [task-management-api-test] [           main] o.s.b.w.embedded.tomcat.TomcatWebServer  : Tomcat initialized with port 0 (http)
2025-08-06T19:35:25.126Z  INFO 7099 --- [task-management-api-test] [           main] o.apache.catalina.core.StandardService   : Starting service [Tomcat]
2025-08-06T19:35:25.126Z  INFO 7099 --- [task-management-api-test] [           main] o.apache.catalina.core.StandardEngine    : Starting Servlet engine: [Apache Tomcat/10.1.20]
2025-08-06T19:35:25.132Z  INFO 7099 --- [task-management-api-test] [           main] o.a.c.c.C.[Tomcat].[localhost].[/]       : Initializing Spring embedded WebApplicationContext
2025-08-06T19:35:25.132Z  INFO 7099 --- [task-management-api-test] [           main] w.s.c.ServletWebServerApplicationContext : Root WebApplicationContext: initialization completed in 120 ms
2025-08-06T19:35:25.137Z  INFO 7099 --- [task-management-api-test] [           main] com.zaxxer.hikari.HikariDataSource       : HikariPool-7 - Starting...
2025-08-06T19:35:25.139Z  INFO 7099 --- [task-management-api-test] [           main] com.zaxxer.hikari.pool.HikariPool        : HikariPool-7 - Added connection conn50: url=jdbc:h2:mem:testdb user=SA
2025-08-06T19:35:25.139Z  INFO 7099 --- [task-management-api-test] [           main] com.zaxxer.hikari.HikariDataSource       : HikariPool-7 - Start completed.
2025-08-06T19:35:25.139Z  INFO 7099 --- [task-management-api-test] [           main] o.s.b.a.h2.H2ConsoleAutoConfiguration    : H2 console available at '/h2-console'. Database available at 'jdbc:h2:mem:testdb'
2025-08-06T19:35:25.150Z  INFO 7099 --- [task-management-api-test] [           main] o.hibernate.jpa.internal.util.LogHelper  : HHH000204: Processing PersistenceUnitInfo [name: default]
2025-08-06T19:35:25.151Z  INFO 7099 --- [task-management-api-test] [           main] o.h.c.internal.RegionFactoryInitiator    : HHH000026: Second-level cache disabled
2025-08-06T19:35:25.153Z  INFO 7099 --- [task-management-api-test] [           main] o.s.o.j.p.SpringPersistenceUnitInfo      : No LoadTimeWeaver setup: ignoring JPA class transformer
2025-08-06T19:35:25.153Z  WARN 7099 --- [task-management-api-test] [           main] org.hibernate.orm.deprecation            : HHH90000025: H2Dialect does not need to be specified explicitly using 'hibernate.dialect' (remove the property setting and it will be selected by default)
2025-08-06T19:35:25.173Z  INFO 7099 --- [task-management-api-test] [           main] o.h.e.t.j.p.i.JtaPlatformInitiator       : HHH000489: No JTA platform available (set 'hibernate.transaction.jta.platform' to enable JTA platform integration)
2025-08-06T19:35:25.175Z  INFO 7099 --- [task-management-api-test] [           main] j.LocalContainerEntityManagerFactoryBean : Initialized JPA EntityManagerFactory for persistence unit 'default'
2025-08-06T19:35:25.199Z  WARN 7099 --- [task-management-api-test] [           main] JpaBaseConfiguration$JpaWebConfiguration : spring.jpa.open-in-view is enabled by default. Therefore, database queries may be performed during view rendering. Explicitly configure spring.jpa.open-in-view to disable this warning
2025-08-06T19:35:25.236Z  INFO 7099 --- [task-management-api-test] [           main] o.s.b.w.embedded.tomcat.TomcatWebServer  : Tomcat started on port 42449 (http) with context path ''
2025-08-06T19:35:25.238Z  INFO 7099 --- [task-management-api-test] [           main] c.e.t.TaskManagementIntegrationTest      : Started TaskManagementIntegrationTest in 0.253 seconds (process running for 6.027)
2025-08-06T19:35:25.240Z  INFO 7099 --- [task-management-api-test] [           main] o.a.c.c.C.[Tomcat].[localhost].[/]       : Initializing Spring TestDispatcherServlet ''
2025-08-06T19:35:25.240Z  INFO 7099 --- [task-management-api-test] [           main] o.s.t.web.servlet.TestDispatcherServlet  : Initializing Servlet ''
2025-08-06T19:35:25.240Z  INFO 7099 --- [task-management-api-test] [           main] o.s.t.web.servlet.TestDispatcherServlet  : Completed initialization in 0 ms
]]></system-out>
  </testcase>
  <testcase name="shouldHandleValidationErrors" classname="com.example.taskmanagement.TaskManagementIntegrationTest" time="0.259">
    <system-out><![CDATA[2025-08-06T19:35:25.279Z  INFO 7099 --- [task-management-api-test] [           main] j.LocalContainerEntityManagerFactoryBean : Closing JPA EntityManagerFactory for persistence unit 'default'
2025-08-06T19:35:25.280Z  INFO 7099 --- [task-management-api-test] [           main] com.zaxxer.hikari.HikariDataSource       : HikariPool-7 - Shutdown initiated...
2025-08-06T19:35:25.282Z  INFO 7099 --- [task-management-api-test] [           main] com.zaxxer.hikari.HikariDataSource       : HikariPool-7 - Shutdown completed.

  .   ____          _            __ _ _
 /\\ / ___'_ __ _ _(_)_ __  __ _ \ \ \ \
( ( )\___ | '_ | '_| | '_ \/ _` | \ \ \ \
 \\/  ___)| |_)| | | | | || (_| |  ) ) ) )
  '  |____| .__|_| |_|_| |_\__, | / / / /
 =========|_|==============|___/=/_/_/_/
 :: Spring Boot ::                (v3.2.5)

2025-08-06T19:35:25.296Z  INFO 7099 --- [task-management-api-test] [           main] c.e.t.TaskManagementIntegrationTest      : Starting TaskManagementIntegrationTest using Java 21.0.7 with PID 7099 (started by ubuntu in /workspace)
2025-08-06T19:35:25.297Z DEBUG 7099 --- [task-management-api-test] [           main] c.e.t.TaskManagementIntegrationTest      : Running with Spring Boot v3.2.5, Spring v6.1.6
2025-08-06T19:35:25.297Z  INFO 7099 --- [task-management-api-test] [           main] c.e.t.TaskManagementIntegrationTest      : The following 1 profile is active: "test"
2025-08-06T19:35:25.345Z  INFO 7099 --- [task-management-api-test] [           main] .s.d.r.c.RepositoryConfigurationDelegate : Bootstrapping Spring Data JPA repositories in DEFAULT mode.
2025-08-06T19:35:25.347Z  INFO 7099 --- [task-management-api-test] [           main] .s.d.r.c.RepositoryConfigurationDelegate : Finished Spring Data repository scanning in 2 ms. Found 1 JPA repository interface.
2025-08-06T19:35:25.386Z  INFO 7099 --- [task-management-api-test] [           main] o.s.b.w.embedded.tomcat.TomcatWebServer  : Tomcat initialized with port 0 (http)
2025-08-06T19:35:25.386Z  INFO 7099 --- [task-management-api-test] [           main] o.apache.catalina.core.StandardService   : Starting service [Tomcat]
2025-08-06T19:35:25.386Z  INFO 7099 --- [task-management-api-test] [           main] o.apache.catalina.core.StandardEngine    : Starting Servlet engine: [Apache Tomcat/10.1.20]
2025-08-06T19:35:25.392Z  INFO 7099 --- [task-management-api-test] [           main] o.a.c.c.C.[Tomcat].[localhost].[/]       : Initializing Spring embedded WebApplicationContext
2025-08-06T19:35:25.392Z  INFO 7099 --- [task-management-api-test] [           main] w.s.c.ServletWebServerApplicationContext : Root WebApplicationContext: initialization completed in 95 ms
2025-08-06T19:35:25.398Z  INFO 7099 --- [task-management-api-test] [           main] com.zaxxer.hikari.HikariDataSource       : HikariPool-8 - Starting...
2025-08-06T19:35:25.400Z  INFO 7099 --- [task-management-api-test] [           main] com.zaxxer.hikari.pool.HikariPool        : HikariPool-8 - Added connection conn55: url=jdbc:h2:mem:testdb user=SA
2025-08-06T19:35:25.400Z  INFO 7099 --- [task-management-api-test] [           main] com.zaxxer.hikari.HikariDataSource       : HikariPool-8 - Start completed.
2025-08-06T19:35:25.400Z  INFO 7099 --- [task-management-api-test] [           main] o.s.b.a.h2.H2ConsoleAutoConfiguration    : H2 console available at '/h2-console'. Database available at 'jdbc:h2:mem:testdb'
2025-08-06T19:35:25.412Z  INFO 7099 --- [task-management-api-test] [           main] o.hibernate.jpa.internal.util.LogHelper  : HHH000204: Processing PersistenceUnitInfo [name: default]
2025-08-06T19:35:25.413Z  INFO 7099 --- [task-management-api-test] [           main] o.h.c.internal.RegionFactoryInitiator    : HHH000026: Second-level cache disabled
2025-08-06T19:35:25.415Z  INFO 7099 --- [task-management-api-test] [           main] o.s.o.j.p.SpringPersistenceUnitInfo      : No LoadTimeWeaver setup: ignoring JPA class transformer
2025-08-06T19:35:25.416Z  WARN 7099 --- [task-management-api-test] [           main] org.hibernate.orm.deprecation            : HHH90000025: H2Dialect does not need to be specified explicitly using 'hibernate.dialect' (remove the property setting and it will be selected by default)
2025-08-06T19:35:25.434Z  INFO 7099 --- [task-management-api-test] [           main] o.h.e.t.j.p.i.JtaPlatformInitiator       : HHH000489: No JTA platform available (set 'hibernate.transaction.jta.platform' to enable JTA platform integration)
2025-08-06T19:35:25.435Z  INFO 7099 --- [task-management-api-test] [           main] j.LocalContainerEntityManagerFactoryBean : Initialized JPA EntityManagerFactory for persistence unit 'default'
2025-08-06T19:35:25.457Z  WARN 7099 --- [task-management-api-test] [           main] JpaBaseConfiguration$JpaWebConfiguration : spring.jpa.open-in-view is enabled by default. Therefore, database queries may be performed during view rendering. Explicitly configure spring.jpa.open-in-view to disable this warning
2025-08-06T19:35:25.498Z  INFO 7099 --- [task-management-api-test] [           main] o.s.b.w.embedded.tomcat.TomcatWebServer  : Tomcat started on port 44151 (http) with context path ''
2025-08-06T19:35:25.500Z  INFO 7099 --- [task-management-api-test] [           main] c.e.t.TaskManagementIntegrationTest      : Started TaskManagementIntegrationTest in 0.215 seconds (process running for 6.289)
2025-08-06T19:35:25.502Z  INFO 7099 --- [task-management-api-test] [           main] o.a.c.c.C.[Tomcat].[localhost].[/]       : Initializing Spring TestDispatcherServlet ''
2025-08-06T19:35:25.502Z  INFO 7099 --- [task-management-api-test] [           main] o.s.t.web.servlet.TestDispatcherServlet  : Initializing Servlet ''
2025-08-06T19:35:25.502Z  INFO 7099 --- [task-management-api-test] [           main] o.s.t.web.servlet.TestDispatcherServlet  : Completed initialization in 0 ms
]]></system-out>
  </testcase>
</testsuite>